[26-Jun-2026 17:03:17 America/Mexico_City] ✅ Variables de entorno cargadas correctamente
[26-Jun-2026 17:03:48 America/Mexico_City] ✅ Variables de entorno cargadas correctamente
[26-Jun-2026 17:04:10 America/Mexico_City] ✅ Variables de entorno cargadas correctamente
[26-Jun-2026 17:04:28 America/Mexico_City] ✅ Variables de entorno cargadas correctamente
[26-Jun-2026 17:04:38 America/Mexico_City] ✅ Variables de entorno cargadas correctamente
[26-Jun-2026 17:06:03 America/Mexico_City] ✅ Variables de entorno cargadas correctamente
[26-Jun-2026 17:06:10 America/Mexico_City] ✅ Variables de entorno cargadas correctamente
[26-Jun-2026 17:06:31 America/Mexico_City] ✅ Variables de entorno cargadas correctamente
[29-Jun-2026 13:13:55 America/Mexico_City] ✅ Variables de entorno cargadas correctamente
[29-Jun-2026 13:17:19 America/Mexico_City] ✅ Variables de entorno cargadas correctamente
[29-Jun-2026 13:17:39 America/Mexico_City] ✅ Variables de entorno cargadas correctamente
[29-Jun-2026 13:17:52 America/Mexico_City] ✅ Variables de entorno cargadas correctamente
[29-Jun-2026 13:18:25 America/Mexico_City] ✅ Variables de entorno cargadas correctamente
[29-Jun-2026 13:18:38 America/Mexico_City] ✅ Variables de entorno cargadas correctamente
[29-Jun-2026 13:18:55 America/Mexico_City] ✅ Variables de entorno cargadas correctamente
[29-Jun-2026 13:19:10 America/Mexico_City] ✅ Variables de entorno cargadas correctamente
[29-Jun-2026 13:19:25 America/Mexico_City] ✅ Variables de entorno cargadas correctamente
[29-Jun-2026 13:23:17 America/Mexico_City] ✅ Variables de entorno cargadas correctamente
[29-Jun-2026 13:24:18 America/Mexico_City] ✅ Variables de entorno cargadas correctamente
[29-Jun-2026 13:24:52 America/Mexico_City] ✅ Variables de entorno cargadas correctamente
[29-Jun-2026 13:25:25 America/Mexico_City] ✅ Variables de entorno cargadas correctamente
[29-Jun-2026 13:29:16 America/Mexico_City] ✅ Variables de entorno cargadas correctamente
[29-Jun-2026 13:29:26 America/Mexico_City] ✅ Variables de entorno cargadas correctamente
[29-Jun-2026 13:30:30 America/Mexico_City] ✅ Variables de entorno cargadas correctamente
[29-Jun-2026 13:30:35 America/Mexico_City] ✅ Variables de entorno cargadas correctamente
[29-Jun-2026 13:30:38 America/Mexico_City] ✅ Variables de entorno cargadas correctamente
[29-Jun-2026 13:31:56 America/Mexico_City] ✅ Variables de entorno cargadas correctamente
[29-Jun-2026 13:32:09 America/Mexico_City] ✅ Variables de entorno cargadas correctamente
[29-Jun-2026 13:32:25 America/Mexico_City] ✅ Variables de entorno cargadas correctamente
[29-Jun-2026 13:33:03 America/Mexico_City] ✅ Variables de entorno cargadas correctamente
[29-Jun-2026 13:33:13 America/Mexico_City] ✅ Variables de entorno cargadas correctamente
[29-Jun-2026 13:34:26 America/Mexico_City] ✅ Variables de entorno cargadas correctamente
[29-Jun-2026 13:34:58 America/Mexico_City] ✅ Variables de entorno cargadas correctamente
[29-Jun-2026 13:38:59 America/Mexico_City] ✅ Variables de entorno cargadas correctamente
[29-Jun-2026 13:39:22 America/Mexico_City] ✅ Variables de entorno cargadas correctamente
[29-Jun-2026 13:40:21 America/Mexico_City] ✅ Variables de entorno cargadas correctamente
[29-Jun-2026 13:40:27 America/Mexico_City] ✅ Variables de entorno cargadas correctamente
[29-Jun-2026 13:40:44 America/Mexico_City] ✅ Variables de entorno cargadas correctamente
[29-Jun-2026 13:42:15 America/Mexico_City] ✅ Variables de entorno cargadas correctamente
[29-Jun-2026 13:42:20 America/Mexico_City] ✅ Variables de entorno cargadas correctamente
[29-Jun-2026 13:42:28 America/Mexico_City] ✅ Variables de entorno cargadas correctamente
[29-Jun-2026 13:42:35 America/Mexico_City] ✅ Variables de entorno cargadas correctamente
[29-Jun-2026 13:42:46 America/Mexico_City] ✅ Variables de entorno cargadas correctamente
[29-Jun-2026 13:42:56 America/Mexico_City] ✅ Variables de entorno cargadas correctamente
[29-Jun-2026 13:43:09 America/Mexico_City] ✅ Variables de entorno cargadas correctamente
[29-Jun-2026 13:43:18 America/Mexico_City] ✅ Variables de entorno cargadas correctamente
[30-Jun-2026 11:34:08 America/Mexico_City] ✅ Variables de entorno cargadas correctamente
[03-Jul-2026 09:03:36 America/Mexico_City] ✅ Variables de entorno cargadas correctamente
[03-Jul-2026 09:05:32 America/Mexico_City] ✅ Variables de entorno cargadas correctamente
[03-Jul-2026 09:06:01 America/Mexico_City] ✅ Variables de entorno cargadas correctamente
[03-Jul-2026 09:06:27 America/Mexico_City] ✅ Variables de entorno cargadas correctamente
[03-Jul-2026 09:59:24 America/Mexico_City] ✅ Variables de entorno cargadas correctamente
[03-Jul-2026 10:09:50 America/Mexico_City] ✅ Variables de entorno cargadas correctamente
[03-Jul-2026 10:22:33 America/Mexico_City] ✅ Variables de entorno cargadas correctamente
[03-Jul-2026 10:26:17 America/Mexico_City] ✅ Variables de entorno cargadas correctamente
[03-Jul-2026 10:26:24 America/Mexico_City] ✅ Variables de entorno cargadas correctamente
[03-Jul-2026 10:27:39 America/Mexico_City] ✅ Variables de entorno cargadas correctamente
[03-Jul-2026 10:40:31 America/Mexico_City] ✅ Variables de entorno cargadas correctamente
[03-Jul-2026 10:43:46 America/Mexico_City] ✅ Variables de entorno cargadas correctamente
[03-Jul-2026 10:43:54 America/Mexico_City] ✅ Variables de entorno cargadas correctamente
[03-Jul-2026 10:44:28 America/Mexico_City] ✅ Variables de entorno cargadas correctamente
[03-Jul-2026 10:45:32 America/Mexico_City] ✅ Variables de entorno cargadas correctamente
[03-Jul-2026 10:45:46 America/Mexico_City] ✅ Variables de entorno cargadas correctamente
[03-Jul-2026 10:45:55 America/Mexico_City] ✅ Variables de entorno cargadas correctamente
[03-Jul-2026 11:19:52 America/Mexico_City] ✅ Variables de entorno cargadas correctamente
[03-Jul-2026 11:19:52 America/Mexico_City] PHP Warning:  Trying to access array offset on false in /home2/juanc141/public_html/Service/cancelar_pago.php on line 176
[03-Jul-2026 11:20:07 America/Mexico_City] ✅ Variables de entorno cargadas correctamente
[03-Jul-2026 11:20:07 America/Mexico_City] PHP Warning:  Trying to access array offset on false in /home2/juanc141/public_html/Service/cancelar_pago.php on line 176
[03-Jul-2026 11:20:32 America/Mexico_City] ✅ Variables de entorno cargadas correctamente
[03-Jul-2026 11:20:32 America/Mexico_City] PHP Warning:  Trying to access array offset on false in /home2/juanc141/public_html/Service/cancelar_pago.php on line 176
[03-Jul-2026 11:20:49 America/Mexico_City] ✅ Variables de entorno cargadas correctamente
[03-Jul-2026 11:20:53 America/Mexico_City] ✅ Variables de entorno cargadas correctamente
[03-Jul-2026 11:23:12 America/Mexico_City] ✅ Variables de entorno cargadas correctamente
[03-Jul-2026 11:23:12 America/Mexico_City] PHP Warning:  Trying to access array offset on false in /home2/juanc141/public_html/Service/cancelar_pago.php on line 176
[03-Jul-2026 11:23:33 America/Mexico_City] ✅ Variables de entorno cargadas correctamente
[03-Jul-2026 11:23:47 America/Mexico_City] ✅ Variables de entorno cargadas correctamente
[03-Jul-2026 11:29:12 America/Mexico_City] ✅ Variables de entorno cargadas correctamente
[03-Jul-2026 11:29:12 America/Mexico_City] PHP Warning:  Trying to access array offset on false in /home2/juanc141/public_html/Service/cancelar_pago.php on line 176
[03-Jul-2026 11:30:11 America/Mexico_City] ✅ Variables de entorno cargadas correctamente
[03-Jul-2026 11:30:22 America/Mexico_City] ✅ Variables de entorno cargadas correctamente
[03-Jul-2026 11:31:28 America/Mexico_City] ✅ Variables de entorno cargadas correctamente
[03-Jul-2026 11:31:51 America/Mexico_City] ✅ Variables de entorno cargadas correctamente
[03-Jul-2026 11:36:09 America/Mexico_City] ✅ Variables de entorno cargadas correctamente
[03-Jul-2026 11:36:24 America/Mexico_City] ✅ Variables de entorno cargadas correctamente
[03-Jul-2026 11:38:28 America/Mexico_City] ✅ Variables de entorno cargadas correctamente
[03-Jul-2026 11:38:28 America/Mexico_City] PHP Warning:  Trying to access array offset on false in /home2/juanc141/public_html/Service/cancelar_pago.php on line 176
[03-Jul-2026 13:05:11 America/Mexico_City] ✅ Variables de entorno cargadas correctamente
[03-Jul-2026 13:05:58 America/Mexico_City] ✅ Variables de entorno cargadas correctamente
[03-Jul-2026 13:05:58 America/Mexico_City] PHP Warning:  Trying to access array offset on false in /home2/juanc141/public_html/Service/cancelar_pago.php on line 176
[03-Jul-2026 13:09:11 America/Mexico_City] ✅ Variables de entorno cargadas correctamente
[03-Jul-2026 13:09:11 America/Mexico_City] PHP Warning:  Trying to access array offset on false in /home2/juanc141/public_html/Service/cancelar_pago.php on line 176
[03-Jul-2026 13:10:00 America/Mexico_City] ✅ Variables de entorno cargadas correctamente
[03-Jul-2026 13:19:08 America/Mexico_City] ✅ Variables de entorno cargadas correctamente
[03-Jul-2026 13:19:08 America/Mexico_City] PHP Fatal error:  Cannot redeclare logSpeiTransaction() (previously declared in /home2/juanc141/public_html/Service/cancelar_pago.php:45) in /home2/juanc141/public_html/config/database.php on line 49
[03-Jul-2026 13:19:37 America/Mexico_City] ✅ Variables de entorno cargadas correctamente
[03-Jul-2026 13:21:55 America/Mexico_City] ✅ Variables de entorno cargadas correctamente
[03-Jul-2026 13:21:55 America/Mexico_City] PHP Fatal error:  Cannot redeclare logSpeiTransaction() (previously declared in /home2/juanc141/public_html/config/database.php:49) in /home2/juanc141/public_html/Service/cancelar_pago.php on line 94
[03-Jul-2026 13:21:55 America/Mexico_City] PHP Fatal error:  Uncaught ErrorException: Cannot modify header information - headers already sent by (output started at /home2/juanc141/public_html/Service/cancelar_pago.php:94) in /home2/juanc141/public_html/Service/cancelar_pago.php:17
Stack trace:
#0 [internal function]: {closure}(2, 'Cannot modify h...', '/home2/juanc141...', 17)
#1 /home2/juanc141/public_html/Service/cancelar_pago.php(17): header('Content-Type: a...')
#2 [internal function]: {closure}()
#3 {main}
  thrown in /home2/juanc141/public_html/Service/cancelar_pago.php on line 17
[03-Jul-2026 13:22:48 America/Mexico_City] ✅ Variables de entorno cargadas correctamente
[03-Jul-2026 13:25:12 America/Mexico_City] ✅ Variables de entorno cargadas correctamente
[03-Jul-2026 13:25:48 America/Mexico_City] ✅ Variables de entorno cargadas correctamente
[03-Jul-2026 13:26:41 America/Mexico_City] ✅ Variables de entorno cargadas correctamente
[03-Jul-2026 14:22:29 America/Mexico_City] ✅ Variables de entorno cargadas correctamente
[03-Jul-2026 14:22:42 America/Mexico_City] ✅ Variables de entorno cargadas correctamente
[03-Jul-2026 15:38:04 America/Mexico_City] ✅ Variables de entorno cargadas correctamente
[03-Jul-2026 15:42:45 America/Mexico_City] ✅ Variables de entorno cargadas correctamente
[03-Jul-2026 15:42:55 America/Mexico_City] ✅ Variables de entorno cargadas correctamente
[03-Jul-2026 15:47:36 America/Mexico_City] ✅ Variables de entorno cargadas correctamente
[03-Jul-2026 15:47:46 America/Mexico_City] ✅ Variables de entorno cargadas correctamente
[03-Jul-2026 15:47:50 America/Mexico_City] ✅ Variables de entorno cargadas correctamente
[03-Jul-2026 15:48:39 America/Mexico_City] ✅ Variables de entorno cargadas correctamente
[03-Jul-2026 15:49:13 America/Mexico_City] ✅ Variables de entorno cargadas correctamente
[03-Jul-2026 15:49:29 America/Mexico_City] ✅ Variables de entorno cargadas correctamente
[03-Jul-2026 15:49:54 America/Mexico_City] ✅ Variables de entorno cargadas correctamente
[03-Jul-2026 15:50:14 America/Mexico_City] ✅ Variables de entorno cargadas correctamente
[03-Jul-2026 15:57:54 America/Mexico_City] ✅ Variables de entorno cargadas correctamente
[03-Jul-2026 16:01:05 America/Mexico_City] ✅ Variables de entorno cargadas correctamente
[03-Jul-2026 16:01:25 America/Mexico_City] ✅ Variables de entorno cargadas correctamente
[03-Jul-2026 16:04:16 America/Mexico_City] ✅ Variables de entorno cargadas correctamente
[03-Jul-2026 16:08:54 America/Mexico_City] ✅ Variables de entorno cargadas correctamente
[03-Jul-2026 16:10:21 America/Mexico_City] ✅ Variables de entorno cargadas correctamente
[03-Jul-2026 16:11:01 America/Mexico_City] ✅ Variables de entorno cargadas correctamente
[03-Jul-2026 16:13:07 America/Mexico_City] ✅ Variables de entorno cargadas correctamente
[03-Jul-2026 16:13:11 America/Mexico_City] ✅ Variables de entorno cargadas correctamente
[03-Jul-2026 16:14:16 America/Mexico_City] ✅ Variables de entorno cargadas correctamente
[03-Jul-2026 16:14:42 America/Mexico_City] ✅ Variables de entorno cargadas correctamente
[03-Jul-2026 16:14:57 America/Mexico_City] ✅ Variables de entorno cargadas correctamente
[03-Jul-2026 16:14:57 America/Mexico_City] ERROR en cancela_pago: Error al decodificar JSON: Syntax error
[03-Jul-2026 16:14:57 America/Mexico_City] Archivo: /home2/juanc141/public_html/Service/cancelar_pago.php Línea: 81
[03-Jul-2026 16:14:57 America/Mexico_City] Trace: #0 {main}
[03-Jul-2026 16:15:16 America/Mexico_City] ✅ Variables de entorno cargadas correctamente
[03-Jul-2026 16:15:16 America/Mexico_City] ERROR en cancela_pago: Error al decodificar JSON: Syntax error
[03-Jul-2026 16:15:16 America/Mexico_City] Archivo: /home2/juanc141/public_html/Service/cancelar_pago.php Línea: 81
[03-Jul-2026 16:15:16 America/Mexico_City] Trace: #0 {main}
[03-Jul-2026 16:15:21 America/Mexico_City] ✅ Variables de entorno cargadas correctamente
[03-Jul-2026 16:16:27 America/Mexico_City] ✅ Variables de entorno cargadas correctamente
[03-Jul-2026 16:16:42 America/Mexico_City] ✅ Variables de entorno cargadas correctamente
[03-Jul-2026 16:16:53 America/Mexico_City] ✅ Variables de entorno cargadas correctamente
[03-Jul-2026 16:17:07 America/Mexico_City] ✅ Variables de entorno cargadas correctamente
[03-Jul-2026 16:17:12 America/Mexico_City] ✅ Variables de entorno cargadas correctamente
[03-Jul-2026 19:16:42 America/Mexico_City] ✅ Variables de entorno cargadas correctamente
[03-Jul-2026 19:17:53 America/Mexico_City] ✅ Variables de entorno cargadas correctamente
[06-Jul-2026 09:30:08 America/Mexico_City] ✅ Variables de entorno cargadas correctamente
