2026-07-14 11:57:01 - Empresas desactivadas: 2
2026-07-14 11:58:02 - Empresas desactivadas: 0
2026-07-14 12:00:02
Empresas que vencen en 5 días: 0
Correos enviados: 0
Empresas desactivadas (vencidas): 0
----------------------------------------
2026-07-14 12:47:04
========================================
Empresas que vencen en 5 días: 1
Correos enviados: 1
Empresas desactivadas (vencidas): 0

Detalle de empresas:
  - PRUEBAS | Vence: 2026-07-19 | Email: sanchez.vanegas.alexis@gmail.com | Plan: premium
========================================

2026-07-14 13:04:03
========================================
Empresas que vencen en 5 días: 1
Correos enviados: 1
Empresas desactivadas (vencidas): 0

Detalle de empresas:
  - PRUEBAS | Vence: 2026-07-19 | Email: sanchez.vanegas.alexis@gmail.com | Plan: premium
========================================

2026-07-14 13:05:03
========================================
Empresas que vencen en 5 días: 1
Correos enviados: 1
Empresas desactivadas (vencidas): 0

Detalle de empresas:
  - PRUEBAS | Vence: 2026-07-19 | Email: sanchez.vanegas.alexis@gmail.com | Plan: premium
========================================

2026-07-14 13:13:48
========================================
Empresas que vencen en 5 días: 1
Correos enviados: 1
Empresas desactivadas (vencidas): 0

Detalle de empresas:
  - PRUEBAS | Vence: 2026-07-19 | Email: sanchez.vanegas.alexis@gmail.com | Plan: premium
========================================

2026-07-14 13:19:06
========================================
Empresas que vencen en 5 días: 1
Correos enviados: 1
Empresas desactivadas (vencidas): 0

Detalle de empresas:
  - PRUEBAS | Vence: 2026-07-19 | Email: sanchez.vanegas.alexis@gmail.com | Plan: premium
========================================

2026-07-14 13:29:56
========================================
Empresas que vencen en 5 días: 1
Correos enviados: 1
Empresas desactivadas (vencidas): 0

Detalle de empresas:
  - PRUEBAS | Vence: 2026-07-19 | Email: sanchez.vanegas.alexis@gmail.com | Plan: premium
========================================

2026-07-14 13:34:13
========================================
Empresas que vencen en 5 días: 1
Correos enviados: 1
Empresas desactivadas (vencidas): 0

Detalle de empresas:
  - PRUEBAS | Vence: 2026-07-19 | Email: sanchez.vanegas.alexis@gmail.com | Plan: premium
========================================

2026-07-14 13:42:20
========================================
Empresas que vencen en 5 días: 1
Correos enviados: 1
Empresas desactivadas (vencidas): 0

Detalle de empresas:
  - PRUEBAS | Vence: 2026-07-19 | Email: sanchez.vanegas.alexis@gmail.com | Plan: premium
========================================

2026-07-14 13:46:59
========================================
Empresas que vencen en 5 días: 1
Correos enviados: 1
Empresas desactivadas (vencidas): 0

Detalle de empresas:
  - PRUEBAS | Vence: 2026-07-19 | Email: sanchez.vanegas.alexis@gmail.com | Plan: premium
========================================

2026-07-14 13:52:08
========================================
Empresas que vencen en 5 días: 1
Correos enviados: 1
Empresas desactivadas (vencidas): 0

Detalle de empresas:
  - PRUEBAS | Vence: 2026-07-19 | Email: sanchez.vanegas.alexis@gmail.com | Plan: premium
========================================

2026-07-14 14:13:50
========================================
Empresas que vencen en 5 días: 1
Correos enviados: 1
Empresas desactivadas (vencidas): 0

Detalle de empresas:
  - PRUEBAS | Vence: 2026-07-19 | Email: sanchez.vanegas.alexis@gmail.com | Plan: premium
========================================

